#! /c/Source/iverilog-install/bin/vvp
:ivl_version "12.0 (devel)" "(s20150603-1110-g18392a46)";
:ivl_delay_selection "TYPICAL";
:vpi_time_precision + 0;
:vpi_module "C:\iverilog\lib\ivl\system.vpi";
:vpi_module "C:\iverilog\lib\ivl\vhdl_sys.vpi";
:vpi_module "C:\iverilog\lib\ivl\vhdl_textio.vpi";
:vpi_module "C:\iverilog\lib\ivl\v2005_math.vpi";
:vpi_module "C:\iverilog\lib\ivl\va_math.vpi";
S_0000014e12c42d00 .scope module, "top_module" "top_module" 2 5;
 .timescale 0 0;
    .port_info 0 /INPUT 1 "clk";
    .port_info 1 /INPUT 1 "a";
    .port_info 2 /INPUT 1 "b";
    .port_info 3 /OUTPUT 1 "out_assign";
    .port_info 4 /OUTPUT 1 "out_always_comb";
    .port_info 5 /OUTPUT 1 "out_always_ff";
o0000014e12c76fb8 .functor BUFZ 1, C4<z>; HiZ drive
o0000014e12c76fe8 .functor BUFZ 1, C4<z>; HiZ drive
L_0000014e12c437f0 .functor XOR 1, o0000014e12c76fb8, o0000014e12c76fe8, C4<0>, C4<0>;
v0000014e12c433b0_0 .net "a", 0 0, o0000014e12c76fb8;  0 drivers
v0000014e12c42e90_0 .net "b", 0 0, o0000014e12c76fe8;  0 drivers
o0000014e12c77018 .functor BUFZ 1, C4<z>; HiZ drive
v0000014e12c42f30_0 .net "clk", 0 0, o0000014e12c77018;  0 drivers
v0000014e12c42fd0_0 .var "out_always_comb", 0 0;
v0000014e12c43070_0 .var "out_always_ff", 0 0;
v0000014e12c43110_0 .net "out_assign", 0 0, L_0000014e12c437f0;  1 drivers
E_0000014e12c29410 .event posedge, v0000014e12c42f30_0;
E_0000014e12c28d50 .event anyedge, v0000014e12c433b0_0, v0000014e12c42e90_0;
    .scope S_0000014e12c42d00;
T_0 ;
    %wait E_0000014e12c28d50;
    %load/vec4 v0000014e12c433b0_0;
    %load/vec4 v0000014e12c42e90_0;
    %xor;
    %store/vec4 v0000014e12c42fd0_0, 0, 1;
    %jmp T_0;
    .thread T_0, $push;
    .scope S_0000014e12c42d00;
T_1 ;
    %wait E_0000014e12c29410;
    %load/vec4 v0000014e12c433b0_0;
    %load/vec4 v0000014e12c42e90_0;
    %xor;
    %store/vec4 v0000014e12c43070_0, 0, 1;
    %jmp T_1;
    .thread T_1;
# The file index is used to find the file name in the following table.
:file_names 3;
    "N/A";
    "<interactive>";
    "xor_three_ways.v";
